c:\users\yagız\documents\vısual studıo 2017\projects\vısualstudıodenemesı\vısualstudıodenemesı\x64\release\vısualstudıodenemesı.pch
c:\users\yagız\documents\vısual studıo 2017\projects\vısualstudıodenemesı\vısualstudıodenemesı\x64\release\vc141.pdb
c:\users\yagız\documents\vısual studıo 2017\projects\vısualstudıodenemesı\vısualstudıodenemesı\x64\release\stdafx.obj
c:\users\yagız\documents\vısual studıo 2017\projects\vısualstudıodenemesı\vısualstudıodenemesı\x64\release\vısualstudıodenemesı.obj
c:\users\yagız\documents\vısual studıo 2017\projects\vısualstudıodenemesı\x64\release\vısualstudıodenemesı.exe
c:\users\yagız\documents\vısual studıo 2017\projects\vısualstudıodenemesı\x64\release\vısualstudıodenemesı.pdb
c:\users\yagiz\documents\visual studio 2017\projects\visualstudiodenemesi\x64\release\visualstudiodenemesi.ipdb
c:\users\yagiz\documents\visual studio 2017\projects\visualstudiodenemesi\x64\release\visualstudiodenemesi.iobj
c:\users\yagiz\documents\visual studio 2017\projects\visualstudiodenemesi\visualstudiodenemesi\x64\release\stdafx.obj
c:\users\yagiz\documents\visual studio 2017\projects\visualstudiodenemesi\visualstudiodenemesi\x64\release\visualstudiodenemesi.obj
c:\users\yagiz\documents\visual studio 2017\projects\visualstudiodenemesi\visualstudiodenemesi\x64\release\visualstudiodenemesi.pch
c:\users\yagiz\documents\visual studio 2017\projects\visualstudiodenemesi\visualstudiodenemesi\x64\release\vc141.pdb
c:\users\yagiz\documents\visual studio 2017\projects\visualstudiodenemesi\x64\release\visualstudiodenemesi.pdb
c:\users\yagiz\documents\visual studio 2017\projects\visualstudiodenemesi\x64\release\visualstudiodenemesi.exe
c:\users\yagiz\documents\visual studio 2017\projects\visualstudiodenemesi\visualstudiodenemesi\x64\release\visualst.3aa8a7f5.tlog\cl.command.1.tlog
c:\users\yagiz\documents\visual studio 2017\projects\visualstudiodenemesi\visualstudiodenemesi\x64\release\visualst.3aa8a7f5.tlog\cl.read.1.tlog
c:\users\yagiz\documents\visual studio 2017\projects\visualstudiodenemesi\visualstudiodenemesi\x64\release\visualst.3aa8a7f5.tlog\cl.write.1.tlog
c:\users\yagiz\documents\visual studio 2017\projects\visualstudiodenemesi\visualstudiodenemesi\x64\release\visualst.3aa8a7f5.tlog\link.command.1.tlog
c:\users\yagiz\documents\visual studio 2017\projects\visualstudiodenemesi\visualstudiodenemesi\x64\release\visualst.3aa8a7f5.tlog\link.read.1.tlog
c:\users\yagiz\documents\visual studio 2017\projects\visualstudiodenemesi\visualstudiodenemesi\x64\release\visualst.3aa8a7f5.tlog\link.write.1.tlog
c:\users\yagiz\documents\visual studio 2017\projects\visualstudiodenemesi\visualstudiodenemesi\x64\release\visualst.3aa8a7f5.tlog\visualstudiodenemesi.write.1u.tlog
